[shopbilling.in/index.html]
[backblue.gif]
[fade.gif]
[index.html]
[client.crisp.chat/l.js]
[shopbilling.in/wp-content/themes/astra/assets/css/minified/style.min4468.css]
[shopbilling.in/wp-content/themes/astra/assets/fonts/astra.woff]
[shopbilling.in/wp-includes/css/dist/block-library/style.min40df.css]
[shopbilling.in/wp-content/plugins/header-footer-elementor/assets/css/header-footer-elementore225.css]
[shopbilling.in/wp-content/plugins/elementor/assets/lib/eicons/css/elementor-icons.min74e5.css]
[shopbilling.in/wp-content/plugins/elementor/assets/lib/animations/animations.min521d.css]
[shopbilling.in/wp-content/plugins/elementor/assets/css/frontend-legacy.min521d.css]
[shopbilling.in/wp-content/plugins/elementor/assets/css/frontend.min521d.css]
[shopbilling.in/wp-content/uploads/elementor/css/post-523b264.css]
[shopbilling.in/wp-content/plugins/elementor-pro/assets/css/frontend.minbf47.css]
[shopbilling.in/wp-content/plugins/elementor/assets/lib/font-awesome/css/all.min521d.css]
[shopbilling.in/wp-content/plugins/elementor/assets/lib/font-awesome/css/v4-shims.min521d.css]
[shopbilling.in/wp-content/plugins/elementskit-lite/modules/controls/assets/css/widgetarea-editor1717.css]
[shopbilling.in/wp-content/uploads/elementor/css/post-10d2d7.css]
[shopbilling.in/wp-content/plugins/header-footer-elementor/inc/widgets-css/frontende225.css]
[shopbilling.in/wp-content/uploads/elementor/css/post-430d2d7.css]
[shopbilling.in/wp-content/plugins/elementskit-lite/modules/controls/assets/css/ekiticons40df.css]
[shopbilling.in/wp-content/plugins/elementskit-lite/widgets/init/assets/css/widget-styles1717.css]
[shopbilling.in/wp-content/plugins/elementskit-lite/widgets/init/assets/css/responsive1717.css]
[shopbilling.in/wp-includes/js/jquery/jquery.min9d52.js]
[shopbilling.in/wp-includes/js/jquery/jquery-migrate.mind617.js]
[shopbilling.in/wp-content/plugins/export-wp-page-to-static-html/public/js/export-wp-page-to-static-html-public8a54.js]
[shopbilling.in/feed/index.html]
[shopbilling.in/wp-content/plugins/elementor/assets/lib/font-awesome/js/v4-shims.min521d.js]
[shopbilling.in/comments/feed/index.html]
[shopbilling.in/wp-json/index.html]
[shopbilling.in/wp-json/wp/v2/pages/10.json]
[shopbilling.in/xmlrpc0db0.php]
[shopbilling.in/wp-includes/wlwmanifest.xml]
[shopbilling.in/wp-json/oembed/1.0/embeda7b9.json]
[shopbilling.in/wp-json/oembed/1.0/embedbf36]
[mlcz7f5by3zx.i.optimole.com/19e9sCE--D0fqaMe/w_32/h_32/q_auto/https_/shopbilling.in/wp-content/uploads/2020/06/cropped-printer-1695681-1437194-removebg-preview.png]
[mlcz7f5by3zx.i.optimole.com/19e9sCE--D0fqaMe/w_192/h_192/q_auto/https_/shopbilling.in/wp-content/uploads/2020/06/cropped-printer-1695681-1437194-removebg-preview.png]
[mlcz7f5by3zx.i.optimole.com/19e9sCE--D0fqaMe/w_180/h_180/q_auto/https_/shopbilling.in/wp-content/uploads/2020/06/cropped-printer-1695681-1437194-removebg-preview.png]
[mlcz7f5by3zx.i.optimole.com/19e9sCE-jt0Luo-h/w_254/h_72/q_auto/https_/shopbilling.in/wp-content/uploads/2020/08/cropped-clogoPNG.png]
[mlcz7f5by3zx.i.optimole.com/19e9sCE-KA08Qzdp/w_337/h_96/q_auto/https_/shopbilling.in/wp-content/uploads/2020/08/clogoPNG.png]
[mlcz7f5by3zx.i.optimole.com/19e9sCE-2vtwFiPS/w_150/h_150/q_eco/https_/shopbilling.in/wp-content/uploads/2020/06/pos-main-opti.svg]
[mlcz7f5by3zx.i.optimole.com/19e9sCE-2vtwFiPS/w_150/h_150/q_auto/rt_fill/g_ce/https_/shopbilling.in/wp-content/uploads/2020/06/pos-main-opti.jpg]
[mlcz7f5by3zx.i.optimole.com/19e9sCE-8YbXTBoK/w_200/h_35/q_eco/https_/shopbilling.in/wp-content/uploads/2020/06/divider-free-img-1.svg]
[mlcz7f5by3zx.i.optimole.com/19e9sCE-8YbXTBoK/w_200/h_35/q_auto/https_/shopbilling.in/wp-content/uploads/2020/06/divider-free-img-1.png]
[mlcz7f5by3zx.i.optimole.com/19e9sCE-HrN2a8dc/w_277/h_102/q_eco/https_/shopbilling.in/wp-content/uploads/2020/06/Capture1-opti.svg]
[mlcz7f5by3zx.i.optimole.com/19e9sCE-HrN2a8dc/w_277/h_102/q_auto/https_/shopbilling.in/wp-content/uploads/2020/06/Capture1-opti.png]
[mlcz7f5by3zx.i.optimole.com/19e9sCE-3JoyqtXc/w_294/h_121/q_eco/https_/shopbilling.in/wp-content/uploads/2020/06/Capture2-1.svg]
[mlcz7f5by3zx.i.optimole.com/19e9sCE-3JoyqtXc/w_294/h_121/q_auto/https_/shopbilling.in/wp-content/uploads/2020/06/Capture2-1.png]
[mlcz7f5by3zx.i.optimole.com/19e9sCE-36pV1D5y/w_257/h_95/q_eco/https_/shopbilling.in/wp-content/uploads/2020/06/Capture3-opti.svg]
[mlcz7f5by3zx.i.optimole.com/19e9sCE-36pV1D5y/w_257/h_95/q_auto/https_/shopbilling.in/wp-content/uploads/2020/06/Capture3-opti.png]
[mlcz7f5by3zx.i.optimole.com/19e9sCE-dHCmABEV/w_256/h_96/q_eco/https_/shopbilling.in/wp-content/uploads/2020/06/Capture4-offer-opti.svg]
[shopbilling.in/about-us/index.html]
[mlcz7f5by3zx.i.optimole.com/19e9sCE-dHCmABEV/w_256/h_96/q_auto/https_/shopbilling.in/wp-content/uploads/2020/06/Capture4-offer-opti.png]
[shopbilling.in/contact-us/index.html]
[shopbilling.in/style.css]
[cdn.razorpay.com/static/widget/payment-button.js]
[mlcz7f5by3zx.i.optimole.com/19e9sCE-h3ZBDm5_/w_auto/h_auto/q_eco/https_/shopbilling.in/wp-content/uploads/elementor/thumbs/logo-oqy71w2m3ekyo25i69wxvieqy75w44mmkkoxufv2eo.svg]
[mlcz7f5by3zx.i.optimole.com/19e9sCE-h3ZBDm5_/w_auto/h_auto/q_auto/https_/shopbilling.in/wp-content/uploads/elementor/thumbs/logo-oqy71w2m3ekyo25i69wxvieqy75w44mmkkoxufv2eo.png]
[mlcz7f5by3zx.i.optimole.com/19e9sCE-0X5CoWZ8/w_auto/h_auto/q_eco/https_/shopbilling.in/wp-content/uploads/elementor/thumbs/partnerlogo-2-1-orauy4071boaeghjc1q5ng0dtjf2g707diud6ratlo.svg]
[mlcz7f5by3zx.i.optimole.com/19e9sCE-0X5CoWZ8/w_auto/h_auto/q_auto/https_/shopbilling.in/wp-content/uploads/elementor/thumbs/partnerlogo-2-1-orauy4071boaeghjc1q5ng0dtjf2g707diud6ratlo.png]
[mlcz7f5by3zx.i.optimole.com/19e9sCE-dfu-Zxx4/w_auto/h_auto/q_eco/https_/shopbilling.in/wp-content/uploads/elementor/thumbs/mclogoopti-orbwplwrr0q2exqotp4tydow42mncg46aes523k5jy.svg]
[mlcz7f5by3zx.i.optimole.com/19e9sCE-dfu-Zxx4/w_auto/h_auto/q_auto/https_/shopbilling.in/wp-content/uploads/elementor/thumbs/mclogoopti-orbwplwrr0q2exqotp4tydow42mncg46aes523k5jy.png]
[mlcz7f5by3zx.i.optimole.com/19e9sCE-zRZoQ_3c/w_auto/h_auto/q_eco/https_/shopbilling.in/wp-content/uploads/elementor/thumbs/ub-opti-orbwqit4e7z3paewhlcrvne0wk4htuqs2xm4us7dcw.svg]
[mlcz7f5by3zx.i.optimole.com/19e9sCE-zRZoQ_3c/w_auto/h_auto/q_auto/https_/shopbilling.in/wp-content/uploads/elementor/thumbs/ub-opti-orbwqit4e7z3paewhlcrvne0wk4htuqs2xm4us7dcw.jpg]
[mlcz7f5by3zx.i.optimole.com/19e9sCE-sRPNWF5X/w_auto/h_auto/q_eco/https_/shopbilling.in/wp-content/uploads/elementor/thumbs/lgs-opti-orbwryi8u3xvfubt3pp96scdkr1ol7g0m1hu902qeo.svg]
[mlcz7f5by3zx.i.optimole.com/19e9sCE-fCm6PJ8M/w_auto/h_auto/q_eco/https_/shopbilling.in/wp-content/uploads/elementor/thumbs/llllllllllllgo-iyermess-optimized-orbwrb0a391pdl9xwxjkyg9uq49i8ruq6t6p931khm.3a.de]
[mlcz7f5by3zx.i.optimole.com/19e9sCE-fCm6PJ8M/w_auto/h_auto/q_auto/https_/shopbilling.in/wp-content/uploads/elementor/thumbs/llllllllllllgo-iyermess-optimized-orbwrb0a391pdl9xwxjkyg9uq49i8ruq6t6p931khm.3b.d]
[mlcz7f5by3zx.i.optimole.com/19e9sCE-sRPNWF5X/w_auto/h_auto/q_auto/https_/shopbilling.in/wp-content/uploads/elementor/thumbs/lgs-opti-orbwryi8u3xvfubt3pp96scdkr1ol7g0m1hu902qeo.jpg]
[mlcz7f5by3zx.i.optimole.com/19e9sCE-E3JkQpa-/w_auto/h_auto/q_eco/https_/shopbilling.in/wp-content/uploads/elementor/thumbs/partnerlogo-1-uae-opti-orbwsvelhb6wq700rlx7421id8jj2m2mekbu1opxqy.svg]
[mlcz7f5by3zx.i.optimole.com/19e9sCE-E3JkQpa-/w_auto/h_auto/q_auto/https_/shopbilling.in/wp-content/uploads/elementor/thumbs/partnerlogo-1-uae-opti-orbwsvelhb6wq700rlx7421id8jj2m2mekbu1opxqy.png]
[mlcz7f5by3zx.i.optimole.com/19e9sCE-ET4AL_jK/w/h_80/q_eco/https_/shopbilling.in/wp-content/uploads/2020/06/mukl-removebg-opti.svg]
[shopbilling.in/wp-content/uploads/2020/06/mukl-removebg-opti.png]
[mlcz7f5by3zx.i.optimole.com/19e9sCE-SOUy3mz8/w/h_80/q_eco/https_/shopbilling.in/wp-content/uploads/2020/06/ap-removebg-preview.svg]
[shopbilling.in/wp-content/uploads/2020/06/ap-removebg-preview.png]
[shopbilling.in/wp-content/themes/astra/assets/js/minified/style.min4468.js]
[shopbilling.in/wp-content/plugins/elementskit-lite/libs/framework/assets/js/frontend-script1717.js]
[shopbilling.in/wp-content/plugins/elementskit-lite/widgets/init/assets/js/widget-scripts1717.js]
[shopbilling.in/wp-content/plugins/elementskit-lite/widgets/init/assets/js/gmaps.min40df.js]
[app.convertful.com/Convertful2213.js]
[shopbilling.in/wp-includes/js/wp-embed.min40df.js]
[shopbilling.in/wp-content/plugins/elementor/assets/js/frontend-modules.min521d.js]
[shopbilling.in/wp-content/plugins/elementor-pro/assets/lib/sticky/jquery.sticky.minbf47.js]
[shopbilling.in/wp-content/plugins/elementor-pro/assets/js/frontend.minbf47.js]
[shopbilling.in/wp-includes/js/jquery/ui/core.min35d0.js]
[shopbilling.in/wp-content/plugins/elementor/assets/lib/dialog/dialog.mina288.js]
[shopbilling.in/wp-content/plugins/elementor/assets/lib/waypoints/waypoints.min05da.js]
[shopbilling.in/wp-content/plugins/elementor/assets/lib/swiper/swiper.min48f5.js]
[shopbilling.in/wp-content/plugins/elementor/assets/lib/share-link/share-link.min521d.js]
[shopbilling.in/wp-content/plugins/elementor/assets/js/frontend.min521d.js]
[shopbilling.in/wp-content/plugins/elementskit-lite/widgets/init/assets/js/elementor1717.js]
[shopbilling.in/wp-includes/js/underscore.min4511.js]
[shopbilling.in/wp-includes/js/wp-util.min40df.js]
[shopbilling.in/wp-content/plugins/wpforms-lite/assets/js/integrations/elementor/frontend.minf343.js]
[shopbilling.in/wp-content/plugins/elementskit-lite/modules/controls/assets/js/widgetarea-editor1717.js]
[shopbilling.in/index.html]
[shopbilling.in/wp-content/themes/astra/assets/css/minified/style.min4468.css]
[shopbilling.in/wp-includes/css/dist/block-library/style.min40df.css]
[shopbilling.in/wp-content/plugins/export-wp-page-to-static-html/public/css/export-wp-page-to-static-html-public8a54.css]
[shopbilling.in/wp-content/plugins/header-footer-elementor/assets/css/header-footer-elementore225.css]
[shopbilling.in/wp-content/plugins/elementor/assets/lib/eicons/fonts/eiconsc2cd.eot]
[shopbilling.in/wp-content/plugins/elementor/assets/lib/eicons/fonts/eiconsc2cd.woff2]
[shopbilling.in/wp-content/plugins/elementor/assets/lib/eicons/fonts/eiconsc2cd.woff]
[shopbilling.in/wp-content/plugins/elementor/assets/lib/eicons/fonts/eiconsc2cd.ttf]
[shopbilling.in/wp-content/plugins/elementor/assets/lib/eicons/css/elementor-icons.min74e5.css]
[shopbilling.in/wp-content/plugins/elementor/assets/lib/animations/animations.min521d.css]
[shopbilling.in/wp-content/plugins/elementor/assets/css/frontend-legacy.min521d.css]
[shopbilling.in/wp-content/plugins/elementor/assets/css/frontend.min521d.css]
[shopbilling.in/wp-content/uploads/elementor/css/post-523b264.css]
[shopbilling.in/wp-content/plugins/elementor-pro/assets/css/frontend.minbf47.css]
[shopbilling.in/wp-content/plugins/elementor/assets/lib/eicons/fonts/eiconsc2cd.svg]
[shopbilling.in/wp-content/plugins/elementor/assets/lib/font-awesome/webfonts/fa-brands-400.eot]
[shopbilling.in/wp-content/plugins/elementor/assets/lib/font-awesome/webfonts/fa-brands-400d41d.eot]
[shopbilling.in/wp-content/plugins/elementor/assets/lib/font-awesome/webfonts/fa-brands-400.woff2]
[shopbilling.in/wp-content/plugins/elementor/assets/lib/font-awesome/webfonts/fa-brands-400.woff]
[shopbilling.in/wp-content/plugins/elementor/assets/lib/font-awesome/webfonts/fa-brands-400.ttf]
[shopbilling.in/wp-content/plugins/elementor/assets/lib/font-awesome/webfonts/fa-brands-400.svg]
[shopbilling.in/wp-content/plugins/elementor/assets/lib/font-awesome/webfonts/fa-regular-400.eot]
[shopbilling.in/wp-content/plugins/elementor/assets/lib/font-awesome/webfonts/fa-regular-400d41d.eot]
[shopbilling.in/wp-content/plugins/elementor/assets/lib/font-awesome/webfonts/fa-regular-400.woff2]
[shopbilling.in/wp-content/plugins/elementor/assets/lib/font-awesome/webfonts/fa-regular-400.woff]
[shopbilling.in/wp-content/plugins/elementor/assets/lib/font-awesome/webfonts/fa-regular-400.ttf]
[shopbilling.in/wp-content/plugins/elementor/assets/lib/font-awesome/webfonts/fa-regular-400.svg]
[shopbilling.in/wp-content/plugins/elementor/assets/lib/font-awesome/webfonts/fa-solid-900.eot]
[shopbilling.in/wp-content/plugins/elementor/assets/lib/font-awesome/webfonts/fa-solid-900d41d.eot]
[shopbilling.in/wp-content/plugins/elementor/assets/lib/font-awesome/webfonts/fa-solid-900.woff2]
[shopbilling.in/wp-content/plugins/elementor/assets/lib/font-awesome/webfonts/fa-solid-900.woff]
[shopbilling.in/wp-content/plugins/elementor/assets/lib/font-awesome/webfonts/fa-solid-900.ttf]
[shopbilling.in/wp-content/plugins/elementor/assets/lib/font-awesome/css/all.min521d.css]
[shopbilling.in/wp-content/plugins/elementor/assets/lib/font-awesome/css/v4-shims.min521d.css]
[shopbilling.in/wp-content/plugins/elementskit-lite/modules/controls/assets/css/widgetarea-editor1717.css]
[shopbilling.in/wp-content/uploads/elementor/css/post-10d2d7.css]
[shopbilling.in/wp-content/plugins/header-footer-elementor/inc/widgets-css/frontende225.css]
[shopbilling.in/wp-content/plugins/elementor/assets/lib/font-awesome/webfonts/fa-solid-900.svg]
[mlcz7f5by3zx.i.optimole.com/19e9sCE-44ggRuWo/w_auto/h_auto/q_auto/http_/shopbilling.in/wp-content/uploads/2020/06/Untitled-2.png]
[shopbilling.in/wp-content/uploads/elementor/css/post-430d2d7.css]
[shopbilling.in/wp-content/plugins/elementskit-lite/modules/controls/assets/fonts/elementskit97ac.woff]
[shopbilling.in/wp-content/plugins/elementskit-lite/modules/controls/assets/css/ekiticons40df.css]
[shopbilling.in/wp-content/plugins/elementskit-lite/widgets/init/assets/img/arrow.png]
[shopbilling.in/wp-content/plugins/elementskit-lite/widgets/init/assets/img/sort_asc.png]
[shopbilling.in/wp-content/plugins/elementskit-lite/widgets/init/assets/img/sort_desc.png]
[shopbilling.in/wp-content/plugins/elementskit-lite/widgets/init/assets/img/sort_asc_disabled.png]
[shopbilling.in/wp-content/plugins/elementskit-lite/widgets/init/assets/img/cross-out.svg]
[shopbilling.in/wp-content/plugins/elementskit-lite/widgets/init/assets/css/widget-styles1717.css]
[shopbilling.in/wp-content/plugins/elementskit-lite/widgets/init/assets/css/widget-styles-pro1717.css]
[shopbilling.in/wp-content/plugins/elementskit-lite/widgets/init/assets/css/responsive1717.css]
[shopbilling.in/wp-content/uploads/elementor/css/post-11000a.css]
[shopbilling.in/wp-json/wp/v2/pages/11.json]
[shopbilling.in/wp-json/oembed/1.0/embedb9bd.json]
[shopbilling.in/index5757.html]
[shopbilling.in/wp-json/oembed/1.0/embed471f]
[mlcz7f5by3zx.i.optimole.com/19e9sCE-1hm_oCD0/w_auto/h_auto/q_eco/https_/shopbilling.in/wp-content/uploads/2020/06/e1.svg]
[mlcz7f5by3zx.i.optimole.com/19e9sCE-1hm_oCD0/w_auto/h_auto/q_auto/https_/shopbilling.in/wp-content/uploads/2020/06/e1.png]
[mlcz7f5by3zx.i.optimole.com/19e9sCE-Nm06MdH_/w_auto/h_auto/q_eco/https_/shopbilling.in/wp-content/uploads/2020/06/billing-counter-500x500-1.svg]
[mlcz7f5by3zx.i.optimole.com/19e9sCE-Nm06MdH_/w_auto/h_auto/q_auto/https_/shopbilling.in/wp-content/uploads/2020/06/billing-counter-500x500-1.png]
[mlcz7f5by3zx.i.optimole.com/19e9sCE-FBhAhBNX/w_auto/h_auto/q_eco/https_/shopbilling.in/wp-content/uploads/2020/06/p2.svg]
[mlcz7f5by3zx.i.optimole.com/19e9sCE-FBhAhBNX/w_auto/h_auto/q_auto/https_/shopbilling.in/wp-content/uploads/2020/06/p2.jpg]
[mlcz7f5by3zx.i.optimole.com/19e9sCE-Iye-ED2b/w_auto/h_auto/q_eco/https_/shopbilling.in/wp-content/uploads/2020/06/boy.svg]
[mlcz7f5by3zx.i.optimole.com/19e9sCE-Iye-ED2b/w_auto/h_auto/q_auto/https_/shopbilling.in/wp-content/uploads/2020/06/boy.jpg]
[shopbilling.in/about-us/index.html]
[shopbilling.in/wp-content/uploads/elementor/css/post-1392d5.css]
[shopbilling.in/wp-json/wp/v2/pages/13.json]
[shopbilling.in/wp-json/oembed/1.0/embed0843.json]
[shopbilling.in/index2dc4.html]
[shopbilling.in/wp-json/oembed/1.0/embed125d]
[shopbilling.in/wp-content/plugins/wpforms-lite/assets/css/wpforms-base.minf343.css]
[shopbilling.in/wp-content/plugins/wpforms-lite/assets/js/jquery.validate.minb3a6.js]
[shopbilling.in/wp-content/plugins/wpforms-lite/assets/js/mailcheck.mincfa9.js]
[shopbilling.in/contact-us/index.html]
[shopbilling.in/wp-content/plugins/wpforms-lite/assets/js/wpformsf343.js]
[mlcz7f5by3zx.i.optimole.com/19e9sCE-2vtwFiPS/w_150/h_150/q_eco/https_/shopbilling.in/wp-content/uploads/2020/06/pos-main-opti.svg]
[mlcz7f5by3zx.i.optimole.com/19e9sCE-8YbXTBoK/w_200/h_35/q_eco/https_/shopbilling.in/wp-content/uploads/2020/06/divider-free-img-1.svg]
[mlcz7f5by3zx.i.optimole.com/19e9sCE-HrN2a8dc/w_277/h_102/q_eco/https_/shopbilling.in/wp-content/uploads/2020/06/Capture1-opti.svg]
[mlcz7f5by3zx.i.optimole.com/19e9sCE-3JoyqtXc/w_294/h_121/q_eco/https_/shopbilling.in/wp-content/uploads/2020/06/Capture2-1.svg]
[mlcz7f5by3zx.i.optimole.com/19e9sCE-36pV1D5y/w_257/h_95/q_eco/https_/shopbilling.in/wp-content/uploads/2020/06/Capture3-opti.svg]
[mlcz7f5by3zx.i.optimole.com/19e9sCE-dHCmABEV/w_256/h_96/q_eco/https_/shopbilling.in/wp-content/uploads/2020/06/Capture4-offer-opti.svg]
[shopbilling.in/style.html]
[mlcz7f5by3zx.i.optimole.com/19e9sCE-h3ZBDm5_/w_auto/h_auto/q_eco/https_/shopbilling.in/wp-content/uploads/elementor/thumbs/logo-oqy71w2m3ekyo25i69wxvieqy75w44mmkkoxufv2eo.svg]
[mlcz7f5by3zx.i.optimole.com/19e9sCE-0X5CoWZ8/w_auto/h_auto/q_eco/https_/shopbilling.in/wp-content/uploads/elementor/thumbs/partnerlogo-2-1-orauy4071boaeghjc1q5ng0dtjf2g707diud6ratlo.svg]
[mlcz7f5by3zx.i.optimole.com/19e9sCE-dfu-Zxx4/w_auto/h_auto/q_eco/https_/shopbilling.in/wp-content/uploads/elementor/thumbs/mclogoopti-orbwplwrr0q2exqotp4tydow42mncg46aes523k5jy.svg]
[mlcz7f5by3zx.i.optimole.com/19e9sCE-zRZoQ_3c/w_auto/h_auto/q_eco/https_/shopbilling.in/wp-content/uploads/elementor/thumbs/ub-opti-orbwqit4e7z3paewhlcrvne0wk4htuqs2xm4us7dcw.svg]
[mlcz7f5by3zx.i.optimole.com/19e9sCE-fCm6PJ8M/w_auto/h_auto/q_eco/https_/shopbilling.in/wp-content/uploads/elementor/thumbs/llllllllllllgo-iyermess-optimized-orbwrb0a391pdl9xwxjkyg9uq49i8ruq6t6p931khm.3a.de]
[mlcz7f5by3zx.i.optimole.com/19e9sCE-sRPNWF5X/w_auto/h_auto/q_eco/https_/shopbilling.in/wp-content/uploads/elementor/thumbs/lgs-opti-orbwryi8u3xvfubt3pp96scdkr1ol7g0m1hu902qeo.svg]
[mlcz7f5by3zx.i.optimole.com/19e9sCE-E3JkQpa-/w_auto/h_auto/q_eco/https_/shopbilling.in/wp-content/uploads/elementor/thumbs/partnerlogo-1-uae-opti-orbwsvelhb6wq700rlx7421id8jj2m2mekbu1opxqy.svg]
[mlcz7f5by3zx.i.optimole.com/19e9sCE-ET4AL_jK/w/h_80/q_eco/https_/shopbilling.in/wp-content/uploads/2020/06/mukl-removebg-opti.svg]
[mlcz7f5by3zx.i.optimole.com/19e9sCE-SOUy3mz8/w/h_80/q_eco/https_/shopbilling.in/wp-content/uploads/2020/06/ap-removebg-preview.svg]
[shopbilling.in/wp-content/plugins/elementor/assets/lib/eicons/fonts/eiconsc2cd.svg]
[shopbilling.in/wp-content/plugins/elementor/assets/lib/font-awesome/webfonts/fa-brands-400.svg]
[shopbilling.in/wp-content/plugins/elementor/assets/lib/font-awesome/webfonts/fa-regular-400.svg]
[shopbilling.in/wp-content/plugins/elementor/assets/lib/font-awesome/webfonts/fa-solid-900.svg]
[shopbilling.in/wp-content/plugins/elementskit-lite/widgets/init/assets/img/cross-out.svg]
[mlcz7f5by3zx.i.optimole.com/19e9sCE-V5bpKbBc/w_auto/h_auto/q_auto/https_/shopbilling.in/wp-content/uploads/2020/06/Untitled-1.png]
[mlcz7f5by3zx.i.optimole.com/19e9sCE-kzrSg41n/w_auto/h_auto/q_auto/https_/shopbilling.in/wp-content/uploads/2020/06/Untitled.png]
[shopbilling.in/wp-content/uploads/elementor/css/post-11000a.css]
[shopbilling.in/index5757.html]
[mlcz7f5by3zx.i.optimole.com/19e9sCE-1hm_oCD0/w_auto/h_auto/q_eco/https_/shopbilling.in/wp-content/uploads/2020/06/e1.svg]
[mlcz7f5by3zx.i.optimole.com/19e9sCE-Nm06MdH_/w_auto/h_auto/q_eco/https_/shopbilling.in/wp-content/uploads/2020/06/billing-counter-500x500-1.svg]
[mlcz7f5by3zx.i.optimole.com/19e9sCE-FBhAhBNX/w_auto/h_auto/q_eco/https_/shopbilling.in/wp-content/uploads/2020/06/p2.svg]
[mlcz7f5by3zx.i.optimole.com/19e9sCE-Iye-ED2b/w_auto/h_auto/q_eco/https_/shopbilling.in/wp-content/uploads/2020/06/boy.svg]
[mlcz7f5by3zx.i.optimole.com/19e9sCE-qT9De-oo/w_auto/h_auto/q_auto/https_/shopbilling.in/wp-content/uploads/2020/06/Untitled-2.png]
[shopbilling.in/wp-content/uploads/elementor/css/post-1392d5.css]
[shopbilling.in/index2dc4.html]
[shopbilling.in/wp-content/plugins/wpforms-lite/assets/images/times-solid-white.svg]
[shopbilling.in/wp-content/plugins/wpforms-lite/assets/css/wpforms-base.minf343.css]
[shopbilling.in/wp-content/plugins/wpforms-lite/assets/images/times-solid-white.svg]
